<?xml version="1.0" encoding="UTF-8"?>
<testng-results ignored="0" total="1" passed="1" failed="0" skipped="0">
  <reporter-output>
  </reporter-output>
  <suite started-at="2025-09-25T01:58:06 IST" name="Default suite" finished-at="2025-09-25T01:58:09 IST" duration-ms="2656">
    <groups>
    </groups>
    <test started-at="2025-09-25T01:58:06 IST" name="Default test" finished-at="2025-09-25T01:58:09 IST" duration-ms="2656">
      <class name="SeleniumJava.Tc1">
        <test-method is-config="true" signature="launchDriver()[pri:0, instance:SeleniumJava.Tc1@5c6648b0]" started-at="2025-09-25T01:58:06 IST" name="launchDriver" finished-at="2025-09-25T01:58:07 IST" duration-ms="1335" status="PASS">
          <reporter-output>
          </reporter-output>
        </test-method> <!-- launchDriver -->
        <test-method signature="test1()[pri:0, instance:SeleniumJava.Tc1@5c6648b0]" started-at="2025-09-25T01:58:07 IST" name="test1" finished-at="2025-09-25T01:58:09 IST" duration-ms="1173" status="PASS">
          <reporter-output>
          </reporter-output>
        </test-method> <!-- test1 -->
        <test-method is-config="true" signature="closeBrowser()[pri:0, instance:SeleniumJava.Tc1@5c6648b0]" started-at="2025-09-25T01:58:09 IST" name="closeBrowser" finished-at="2025-09-25T01:58:09 IST" duration-ms="105" status="PASS">
          <reporter-output>
          </reporter-output>
        </test-method> <!-- closeBrowser -->
      </class> <!-- SeleniumJava.Tc1 -->
    </test> <!-- Default test -->
  </suite> <!-- Default suite -->
</testng-results>
